SF:lib\src\helpers\async_helpers.dart
DA:38,0
DA:44,0
DA:53,0
DA:60,0
DA:61,0
DA:62,0
DA:64,0
DA:66,0
DA:81,0
DA:82,0
DA:84,0
DA:85,0
DA:111,1
DA:112,1
DA:113,3
DA:114,1
DA:115,2
DA:132,1
DA:133,1
DA:150,3
DA:155,2
DA:160,2
DA:165,2
DA:170,3
DA:184,0
DA:185,0
DA:207,0
DA:212,0
DA:213,0
DA:218,0
DA:219,0
DA:220,0
DA:221,0
DA:224,0
DA:225,0
DA:226,0
DA:227,0
DA:232,0
DA:238,0
DA:243,0
DA:244,0
DA:245,0
DA:249,0
DA:250,0
DA:251,0
DA:252,0
DA:255,0
DA:256,0
DA:257,0
DA:258,0
DA:261,0
DA:262,0
DA:263,0
DA:264,0
DA:268,0
DA:269,0
DA:270,0
DA:271,0
LF:58
LH:12
end_of_record
SF:lib\src\core\rx_widgets.dart
DA:23,0
DA:27,0
DA:28,0
DA:54,0
DA:59,0
DA:61,0
DA:89,0
DA:100,0
DA:101,0
DA:129,0
DA:136,0
DA:138,0
LF:12
LH:0
end_of_record
SF:lib\src\helpers\form_manager.dart
DA:20,2
DA:26,1
DA:29,0
DA:30,0
DA:33,0
DA:37,0
DA:38,0
DA:39,0
DA:45,3
DA:48,3
DA:50,0
DA:53,0
DA:54,0
DA:55,0
DA:58,0
DA:59,0
DA:62,0
DA:63,0
DA:64,0
DA:65,0
DA:115,2
DA:132,1
DA:137,1
DA:138,3
DA:142,1
DA:145,1
DA:149,2
DA:150,1
DA:166,1
DA:168,1
DA:170,2
DA:171,1
DA:172,1
DA:173,1
DA:176,1
DA:180,2
DA:181,1
DA:189,1
DA:190,2
DA:192,3
DA:193,1
DA:195,2
DA:196,1
DA:204,1
DA:205,2
DA:206,1
DA:218,1
DA:219,3
DA:220,1
DA:222,2
DA:231,1
DA:232,3
DA:233,1
DA:235,2
DA:236,1
DA:248,1
DA:249,1
DA:250,2
DA:258,1
DA:259,1
DA:260,2
DA:261,1
DA:268,1
DA:269,1
DA:270,2
DA:271,1
DA:278,1
DA:279,1
DA:280,1
DA:284,1
DA:285,1
DA:293,0
DA:294,0
DA:295,0
DA:297,0
DA:305,1
DA:306,1
DA:309,2
DA:310,1
DA:317,1
DA:318,1
DA:319,1
DA:328,1
DA:329,1
DA:330,2
DA:331,1
LF:86
LH:66
end_of_record
SF:lib\src\utils\debouncer.dart
DA:39,1
DA:57,1
DA:59,2
DA:62,4
DA:78,1
DA:79,2
DA:80,1
DA:100,1
DA:101,1
DA:105,3
DA:109,0
DA:110,0
DA:114,0
DA:162,1
DA:167,1
DA:171,1
DA:172,1
DA:174,2
DA:176,2
DA:177,5
DA:179,2
DA:180,1
DA:181,4
DA:185,1
DA:189,1
DA:190,1
DA:191,0
DA:193,1
DA:196,1
DA:197,1
DA:198,1
DA:200,1
DA:203,1
DA:204,2
DA:205,1
DA:208,1
DA:209,2
DA:210,2
DA:211,1
DA:212,1
DA:213,1
DA:214,1
DA:220,1
DA:221,1
DA:227,1
DA:228,1
DA:234,0
DA:235,0
LF:48
LH:42
end_of_record
SF:lib\src\utils\provider_combiners.dart
DA:26,1
DA:30,2
DA:31,1
DA:32,1
DA:38,0
DA:43,0
DA:44,0
DA:45,0
DA:46,0
DA:52,0
DA:58,0
DA:59,0
DA:60,0
DA:61,0
DA:62,0
DA:89,1
DA:92,2
DA:93,4
DA:116,1
DA:120,2
DA:121,1
DA:122,1
DA:141,0
DA:145,0
DA:146,0
DA:148,0
DA:169,0
DA:170,0
DA:180,0
DA:181,0
DA:191,0
DA:192,0
DA:221,1
DA:225,2
DA:226,1
DA:227,1
DA:230,2
DA:235,1
DA:236,1
DA:237,1
DA:238,1
DA:241,1
DA:242,0
DA:243,0
DA:244,0
DA:249,3
DA:254,0
DA:259,0
DA:260,0
DA:261,0
DA:262,0
DA:264,0
DA:268,0
DA:269,0
DA:270,0
DA:272,0
DA:273,0
DA:274,0
DA:276,0
DA:277,0
DA:278,0
DA:281,0
DA:282,0
DA:283,0
DA:284,0
DA:300,1
DA:304,2
DA:305,1
DA:306,1
DA:307,3
DA:308,0
DA:309,0
LF:72
LH:27
end_of_record
